<?xml version="1.0" encoding="utf-8"?><testsuites name="pytest tests"><testsuite name="pytest" errors="0" failures="0" skipped="0" tests="126" time="155.853" timestamp="2026-09-13T01:38:46.518787+08:00" hostname="子琨TZUKWAN"><testcase classname="tests.test_access_resume" name="test_resume_authorized_then_idempotent" time="0.656" /><testcase classname="tests.test_access_resume" name="test_resume_refuses_non_authorized" time="0.105" /><testcase classname="tests.test_access_resume" name="test_resume_failure_marks_download_failed_and_reraises" time="0.126" /><testcase classname="tests.test_access_resume" name="test_access_context_digest_and_bridge_no_secret_leak" time="0.009" /><testcase classname="tests.test_acquisition_service" name="test_acquire_descriptor_path_commits_via_manager" time="0.961" /><testcase classname="tests.test_acquisition_service" name="test_acquire_legacy_fallback_when_descriptor_fails" time="0.168" /><testcase classname="tests.test_build_planning_chain" name="test_plan_sync_then_from_build_plan_completes" time="1.138" /><testcase classname="tests.test_build_planning_chain" name="test_from_build_plan_without_joins_derives_keys_and_completes" time="0.444" /><testcase classname="tests.test_build_planning_chain" name="test_from_build_plan_aggregation_none_records_needs_review" time="0.127" /><testcase classname="tests.test_build_planning_chain" name="test_from_build_plan_individual_strategy_keyless_append" time="0.106" /><testcase classname="tests.test_build_planning_chain" name="test_city_year_canon_key" time="0.118" /><testcase classname="tests.test_build_planning_chain" name="test_with_time_generalized_time_columns" time="0.100" /><testcase classname="tests.test_entity_generic" name="test_generic_exact_match_identity" time="0.001" /><testcase classname="tests.test_entity_generic" name="test_generic_detect" time="0.001" /><testcase classname="tests.test_entity_generic" name="test_protocol_conformance" time="0.002" /><testcase classname="tests.test_entity_generic" name="test_country_resolver_protocol_methods" time="0.010" /><testcase classname="tests.test_entity_generic" name="test_china_resolver_protocol_methods" time="0.001" /><testcase classname="tests.test_entity_generic" name="test_get_resolver_factory" time="0.001" /><testcase classname="tests.test_p00_baseline" name="test_workspace_layout" time="0.105" /><testcase classname="tests.test_p00_baseline" name="test_error_codes" time="0.001" /><testcase classname="tests.test_p00_baseline" name="test_logging_redaction" time="0.100" /><testcase classname="tests.test_p00_productization" name="test_create_browser_session_without_session_id" time="2.360" /><testcase classname="tests.test_p00_productization" name="test_create_browser_session_with_task_binding" time="1.735" /><testcase classname="tests.test_p01_agent" name="test_client_missing_config_clear_error" time="0.001" /><testcase classname="tests.test_p01_agent" name="test_client_api_key_not_logged" time="0.002" /><testcase classname="tests.test_p01_agent" name="test_retry_on_5xx_then_success" time="2.459" /><testcase classname="tests.test_p01_agent" name="test_429_classified_rate_limited" time="0.054" /><testcase classname="tests.test_p01_agent" name="test_401_classified_auth_error" time="0.064" /><testcase classname="tests.test_p01_agent" name="test_timeout_classified" time="5.047" /><testcase classname="tests.test_p01_agent" name="test_invalid_llm_output_rejected" time="0.068" /><testcase classname="tests.test_p01_agent" name="test_out_of_lexicon_requirement_llm" time="0.047" /><testcase classname="tests.test_p01_agent" name="test_rule_fallback_without_llm" time="0.004" /><testcase classname="tests.test_p01_agent" name="test_measurement_planner_fallback_dictionary" time="0.003" /><testcase classname="tests.test_p01_agent" name="test_source_planner_china_fiscal_not_kaggle" time="0.304" /><testcase classname="tests.test_p01_agent" name="test_query_plan_indicator_hints" time="0.003" /><testcase classname="tests.test_p01_agent" name="test_critic_flags_conflicting_requirement" time="0.003" /><testcase classname="tests.test_p01_agent" name="test_agent_api_endpoints" time="0.820" /><testcase classname="tests.test_p01_domain_db" name="test_data_requirement_schema" time="0.104" /><testcase classname="tests.test_p01_domain_db" name="test_state_machines_transitions" time="0.108" /><testcase classname="tests.test_p01_domain_db" name="test_repository_roundtrip" time="0.136" /><testcase classname="tests.test_p01_domain_db" name="test_build_transitions_persist" time="0.118" /><testcase classname="tests.test_p01_domain_db" name="test_recovery_no_fake_complete" time="0.132" /><testcase classname="tests.test_p02_browser" name="test_live_stream_frames_and_meta" time="3.040" /><testcase classname="tests.test_p02_browser" name="test_visible_cursor_and_click_feedback" time="0.907" /><testcase classname="tests.test_p02_browser" name="test_keyboard_typing_visible_not_fill" time="1.334" /><testcase classname="tests.test_p02_browser" name="test_tab_model" time="0.349" /><testcase classname="tests.test_p02_browser" name="test_crash_detection_marks_crashed" time="0.222" /><testcase classname="tests.test_p02_browser" name="test_url_sanitization" time="0.061" /><testcase classname="tests.test_p03_session" name="test_secret_store_interface" time="0.101" /><testcase classname="tests.test_p03_session" name="test_storage_state_persist_restore_login" time="3.385" /><testcase classname="tests.test_p03_session" name="test_expired_session_detection" time="0.723" /><testcase classname="tests.test_p03_session" name="test_oauth_credential_model" time="0.117" /><testcase classname="tests.test_p04_access" name="test_public_flow_authorized" time="0.105" /><testcase classname="tests.test_p04_access" name="test_login_required_no_account_waiting_user" time="0.109" /><testcase classname="tests.test_p04_access" name="test_stored_account_goes_to_login_dispatch" time="0.131" /><testcase classname="tests.test_p04_access" name="test_session_valid_authorized" time="0.110" /><testcase classname="tests.test_p04_access" name="test_illegal_transition_rejected" time="0.000" /><testcase classname="tests.test_p04_access" name="test_resume_after_user" time="0.098" /><testcase classname="tests.test_p04_access" name="test_resume_nonexistent_job_raises" time="0.087" /><testcase classname="tests.test_p05_accounts" name="test_register_api_and_login_api_flow" time="6.301" /><testcase classname="tests.test_p05_accounts" name="test_register_retry_guard" time="0.098" /><testcase classname="tests.test_p05_accounts" name="test_register_disabled_blocked" time="0.113" /><testcase classname="tests.test_p06_p07_download" name="test_adapters_never_write_raw_or_stream_violations" time="0.010" /><testcase classname="tests.test_p06_p07_download" name="test_resume_and_progress_payload" time="0.788" /><testcase classname="tests.test_p06_p07_download" name="test_download_descriptor_v2_bridge" time="1.084" /><testcase classname="tests.test_p06_p07_download" name="test_1gb_stream_memory_bounded" time="2.642" /><testcase classname="tests.test_p08_browser_e2e" name="test_intervention_detection[captcha.html-CAPTCHA]" time="0.896" /><testcase classname="tests.test_p08_browser_e2e" name="test_intervention_detection[mfa.html-MFA]" time="0.207" /><testcase classname="tests.test_p08_browser_e2e" name="test_intervention_detection[phone_otp.html-PHONE_OTP]" time="0.229" /><testcase classname="tests.test_p08_browser_e2e" name="test_intervention_detection[institution.html-INSTITUTION_VERIFICATION]" time="0.203" /><testcase classname="tests.test_p08_browser_e2e" name="test_intervention_detection[identity.html-IDENTITY_VERIFICATION]" time="0.287" /><testcase classname="tests.test_p08_browser_e2e" name="test_intervention_detection[agreement.html-RESTRICTED_DATA_AGREEMENT]" time="0.339" /><testcase classname="tests.test_p08_browser_e2e" name="test_intervention_detection[payment.html-PAYMENT]" time="0.211" /><testcase classname="tests.test_p08_browser_e2e" name="test_login_executor_existing_account" time="3.531" /><testcase classname="tests.test_p08_browser_e2e" name="test_registration_executor" time="8.988" /><testcase classname="tests.test_p08_browser_e2e" name="test_browser_download_capture" time="1.023" /><testcase classname="tests.test_p10_search" name="test_parse_golden_requirement" time="0.001" /><testcase classname="tests.test_p10_search" name="test_parse_variants[2018\u20142025 \u5e74\u5927\u5b66\u751f\u751f\u6210\u5f0f AI \u4f7f\u7528\u60c5\u51b5\uff0cGPA \u4e0e\u5b66\u4e60\u6295\u5165-individual]" time="0.001" /><testcase classname="tests.test_p10_search" name="test_parse_variants[\u4e2d\u56fd\u7701\u7ea7\u9762\u677f 2010-2020 \u6559\u80b2\u7ecf\u8d39-province]" time="0.001" /><testcase classname="tests.test_p10_search" name="test_parse_variants[firm-level productivity panel Europe-firm]" time="0.001" /><testcase classname="tests.test_p10_search" name="test_parse_time_since_and_conflicts" time="0.001" /><testcase classname="tests.test_p10_search" name="test_provider_selector_official_first" time="0.358" /><testcase classname="tests.test_p10_search" name="test_query_plan_per_provider" time="0.275" /><testcase classname="tests.test_p10_search" name="test_dedup_doi_mirror_and_versions" time="0.001" /><testcase classname="tests.test_p10_search" name="test_recommend_honesty" time="0.246" /><testcase classname="tests.test_p10_search" name="test_orchestrator_isolation" time="45.392" /><testcase classname="tests.test_p11_downloads" name="test_download_requires_job" time="0.365" /><testcase classname="tests.test_p11_downloads" name="test_streaming_download_atomic_and_checksum" time="0.909" /><testcase classname="tests.test_p11_downloads" name="test_html_disguised_rejected" time="0.310" /><testcase classname="tests.test_p11_downloads" name="test_safe_extraction" time="0.302" /><testcase classname="tests.test_p11_downloads" name="test_raw_immutable_guard" time="0.348" /><testcase classname="tests.test_p12_p14_data_plane" name="test_format_parsers_all_fixtures" time="0.396" /><testcase classname="tests.test_p12_p14_data_plane" name="test_profile_full_fields" time="0.255" /><testcase classname="tests.test_p12_p14_data_plane" name="test_profile_large_file_no_oom" time="11.208" /><testcase classname="tests.test_p12_p14_data_plane" name="test_variable_semantics_conflicts" time="0.002" /><testcase classname="tests.test_p12_p14_data_plane" name="test_country_resolution" time="0.291" /><testcase classname="tests.test_p12_p14_data_plane" name="test_china_regions" time="0.262" /><testcase classname="tests.test_p12_p14_data_plane" name="test_time_normalization_and_fy" time="0.004" /><testcase classname="tests.test_p12_p14_data_plane" name="test_join_cardinality_guard" time="0.022" /><testcase classname="tests.test_p12_p14_data_plane" name="test_missing_policy_default_none_and_linear_marked" time="0.002" /><testcase classname="tests.test_p12_p14_data_plane" name="test_derived_variable_and_div_zero" time="0.002" /><testcase classname="tests.test_p12_p14_data_plane" name="test_golden_build_end_to_end" time="1.417" /><testcase classname="tests.test_p12_p14_data_plane" name="test_methodology_report_honesty" time="1.500" /><testcase classname="tests.test_p15_browser_search" name="test_browser_search_fixture" time="3.046" /><testcase classname="tests.test_p15_browser_search" name="test_browser_search_login_wall" time="0.876" /><testcase classname="tests.test_p15_browser_search" name="test_normalize_candidates" time="1.816" /><testcase classname="tests.test_p15_ui_api" name="test_server_boots_and_serves_ui" time="0.795" /><testcase classname="tests.test_p15_ui_api" name="test_full_ui_flow_requirement_search_download_profile_build" time="2.245" /><testcase classname="tests.test_p16_recovery_perf" name="test_profile_100mb_memory_bounded" time="15.497" /><testcase classname="tests.test_p16_recovery_perf" name="test_download_100mb_streaming_duration" time="1.176" /><testcase classname="tests.test_p16_recovery_perf" name="test_crash_recovery_kill_mid_download" time="4.823" /><testcase classname="tests.test_p16_security" name="test_secrets_scan_rules_trigger" time="0.002" /><testcase classname="tests.test_p16_security" name="test_secrets_scan_repo_clean" time="0.502" /><testcase classname="tests.test_p16_security" name="test_log_redaction_all_categories" time="0.516" /><testcase classname="tests.test_p16_security" name="test_browser_event_never_contains_secret" time="1.617" /><testcase classname="tests.test_p16_security" name="test_vault_delete_and_unique_passwords" time="0.145" /><testcase classname="tests.test_p24_p25" name="test_project_crud_and_task_link" time="0.194" /><testcase classname="tests.test_p24_p25" name="test_agent_chat_progress_uses_real_ids" time="0.151" /><testcase classname="tests.test_p24_p25" name="test_agent_chat_explains_recommendation" time="0.135" /><testcase classname="tests.test_p24_p25" name="test_agent_chat_build_explain" time="0.120" /><testcase classname="tests.test_p24_p25" name="test_requires_confirmation_gate" time="0.112" /><testcase classname="tests.test_planning_chain" name="test_planning_chain_llm_drives_search_run" time="0.359" /><testcase classname="tests.test_planning_chain" name="test_planning_chain_fallback_without_llm" time="0.205" /><testcase classname="tests.test_planning_chain" name="test_planning_run_repository_roundtrip" time="0.112" /><testcase classname="tests.test_planning_chain" name="test_run_search_bundle_priorities_when_providers_omitted" time="0.177" /><testcase classname="tests.test_planning_chain" name="test_search_run_backward_compatible_without_bundle" time="0.971" /></testsuite></testsuites>